<?xml version="1.0" encoding="UTF-8"?>
<coverage generated="1509223330787" clover="3.2.0">
  <project timestamp="1509223330787" name="All files">
    <metrics statements="84" coveredstatements="69" conditionals="24" coveredconditionals="16" methods="30" coveredmethods="24" elements="138" coveredelements="109" complexity="0" loc="84" ncloc="84" packages="3" files="6" classes="6">
      <package name="src.stores">
        <metrics statements="13" coveredstatements="13" conditionals="0" coveredconditionals="0" methods="6" coveredmethods="6"/>
        <file name="Auth.js" path="/home/ghjkl/work/perso/pepperoni-app-kit/src/stores/Auth.js">
          <metrics statements="3" coveredstatements="3" conditionals="0" coveredconditionals="0" methods="2" coveredmethods="2"/>
          <line num="3" count="1" type="stmt"/>
          <line num="6" count="1" type="stmt"/>
          <line num="8" count="1" type="stmt"/>
        </file>
        <file name="todos.js" path="/home/ghjkl/work/perso/pepperoni-app-kit/src/stores/todos.js">
          <metrics statements="10" coveredstatements="10" conditionals="0" coveredconditionals="0" methods="4" coveredmethods="4"/>
          <line num="3" count="1" type="stmt"/>
          <line num="8" count="2" type="stmt"/>
          <line num="10" count="1" type="stmt"/>
          <line num="15" count="1" type="stmt"/>
          <line num="21" count="1" type="stmt"/>
          <line num="23" count="2" type="stmt"/>
          <line num="28" count="1" type="stmt"/>
          <line num="30" count="2" type="stmt"/>
          <line num="31" count="2" type="stmt"/>
          <line num="32" count="2" type="stmt"/>
        </file>
      </package>
      <package name="src.utils">
        <metrics statements="70" coveredstatements="55" conditionals="24" coveredconditionals="16" methods="23" coveredmethods="18"/>
        <file name="api.js" path="/home/ghjkl/work/perso/pepperoni-app-kit/src/utils/api.js">
          <metrics statements="59" coveredstatements="48" conditionals="22" coveredconditionals="15" methods="16" coveredmethods="14"/>
          <line num="6" count="1" type="stmt"/>
          <line num="8" count="1" type="stmt"/>
          <line num="13" count="1" type="stmt"/>
          <line num="22" count="7" type="stmt"/>
          <line num="33" count="5" type="stmt"/>
          <line num="44" count="5" type="stmt"/>
          <line num="54" count="4" type="stmt"/>
          <line num="65" count="21" type="stmt"/>
          <line num="66" count="21" type="stmt"/>
          <line num="67" count="21" type="stmt"/>
          <line num="73" count="0" type="cond" truecount="0" falsecount="2"/>
          <line num="74" count="0" type="stmt"/>
          <line num="76" count="0" type="stmt"/>
          <line num="84" count="23" type="stmt"/>
          <line num="85" count="23" type="cond" truecount="2" falsecount="0"/>
          <line num="95" count="21" type="stmt"/>
          <line num="96" count="21" type="stmt"/>
          <line num="97" count="21" type="stmt"/>
          <line num="98" count="21" type="stmt"/>
          <line num="99" count="21" type="cond" truecount="2" falsecount="0"/>
          <line num="103" count="21" type="stmt"/>
          <line num="105" count="0" type="stmt"/>
          <line num="113" count="21" type="stmt"/>
          <line num="114" count="21" type="stmt"/>
          <line num="118" count="21" type="cond" truecount="2" falsecount="0"/>
          <line num="119" count="11" type="stmt"/>
          <line num="120" count="11" type="stmt"/>
          <line num="123" count="11" type="stmt"/>
          <line num="124" count="11" type="stmt"/>
          <line num="126" count="11" type="stmt"/>
          <line num="130" count="10" type="stmt"/>
          <line num="131" count="10" type="stmt"/>
          <line num="137" count="11" type="stmt"/>
          <line num="142" count="21" type="cond" truecount="2" falsecount="0"/>
          <line num="146" count="21" type="cond" truecount="1" falsecount="1"/>
          <line num="147" count="21" type="stmt"/>
          <line num="150" count="0" type="stmt"/>
          <line num="156" count="11" type="stmt"/>
          <line num="157" count="11" type="stmt"/>
          <line num="158" count="11" type="cond" truecount="2" falsecount="0"/>
          <line num="159" count="7" type="stmt"/>
          <line num="163" count="4" type="stmt"/>
          <line num="164" count="4" type="cond" truecount="3" falsecount="1"/>
          <line num="165" count="4" type="stmt"/>
          <line num="169" count="0" type="stmt"/>
          <line num="173" count="0" type="stmt"/>
          <line num="181" count="21" type="stmt"/>
          <line num="182" count="21" type="stmt"/>
          <line num="183" count="21" type="stmt"/>
          <line num="185" count="21" type="stmt"/>
          <line num="186" count="21" type="stmt"/>
          <line num="193" count="21" type="stmt"/>
          <line num="194" count="21" type="stmt"/>
          <line num="195" count="10" type="stmt"/>
          <line num="197" count="11" type="stmt"/>
          <line num="205" count="0" type="cond" truecount="0" falsecount="2"/>
          <line num="206" count="0" type="stmt"/>
          <line num="207" count="0" type="stmt"/>
          <line num="210" count="0" type="stmt"/>
        </file>
        <file name="authentication.js" path="/home/ghjkl/work/perso/pepperoni-app-kit/src/utils/authentication.js">
          <metrics statements="4" coveredstatements="2" conditionals="0" coveredconditionals="0" methods="3" coveredmethods="1"/>
          <line num="3" count="1" type="stmt"/>
          <line num="6" count="21" type="stmt"/>
          <line num="10" count="0" type="stmt"/>
          <line num="14" count="0" type="stmt"/>
        </file>
        <file name="configuration.js" path="/home/ghjkl/work/perso/pepperoni-app-kit/src/utils/configuration.js">
          <metrics statements="7" coveredstatements="5" conditionals="2" coveredconditionals="1" methods="4" coveredmethods="3"/>
          <line num="3" count="1" type="stmt"/>
          <line num="6" count="23" type="stmt"/>
          <line num="10" count="0" type="stmt"/>
          <line num="14" count="23" type="stmt"/>
          <line num="18" count="23" type="cond" truecount="1" falsecount="1"/>
          <line num="19" count="0" type="stmt"/>
          <line num="22" count="23" type="stmt"/>
        </file>
      </package>
      <package name="test">
        <metrics statements="1" coveredstatements="1" conditionals="0" coveredconditionals="0" methods="1" coveredmethods="0"/>
        <file name="setup.js" path="/home/ghjkl/work/perso/pepperoni-app-kit/test/setup.js">
          <metrics statements="1" coveredstatements="1" conditionals="0" coveredconditionals="0" methods="1" coveredmethods="0"/>
          <line num="2" count="3" type="stmt"/>
        </file>
      </package>
    </metrics>
  </project>
</coverage>
