{"/home/ghjkl/work/perso/pepperoni-app-kit/src/stores/Auth.js": {"path":"/home/ghjkl/work/perso/pepperoni-app-kit/src/stores/Auth.js","statementMap":{"0":{"start":{"line":3,"column":18},"end":{"line":9,"column":2}},"1":{"start":{"line":6,"column":2},"end":{"line":6,"column":12}},"2":{"start":{"line":8,"column":2},"end":{"line":8,"column":12}}},"fnMap":{"0":{"name":"(anonymous_0)","decl":{"start":{"line":5,"column":9},"end":{"line":5,"column":10}},"loc":{"start":{"line":5,"column":17},"end":{"line":7,"column":1}},"line":5},"1":{"name":"(anonymous_1)","decl":{"start":{"line":7,"column":11},"end":{"line":7,"column":12}},"loc":{"start":{"line":7,"column":19},"end":{"line":9,"column":1}},"line":7}},"branchMap":{},"s":{"0":1,"1":1,"2":1},"f":{"0":1,"1":1},"b":{},"_coverageSchema":"332fd63041d2c1bcb487cc26dd0d5f7d97098a6c","hash":"1241ed4ab09c3c97b95aa343c7d0ec2699bed5eb"}
,"/home/ghjkl/work/perso/pepperoni-app-kit/src/stores/todos.js": {"path":"/home/ghjkl/work/perso/pepperoni-app-kit/src/stores/todos.js","statementMap":{"0":{"start":{"line":3,"column":20},"end":{"line":13,"column":4}},"1":{"start":{"line":8,"column":4},"end":{"line":12,"column":6}},"2":{"start":{"line":10,"column":8},"end":{"line":10,"column":41}},"3":{"start":{"line":15,"column":25},"end":{"line":35,"column":4}},"4":{"start":{"line":21,"column":4},"end":{"line":25,"column":6}},"5":{"start":{"line":23,"column":8},"end":{"line":23,"column":51}},"6":{"start":{"line":23,"column":38},"end":{"line":23,"column":49}},"7":{"start":{"line":28,"column":4},"end":{"line":34,"column":6}},"8":{"start":{"line":30,"column":21},"end":{"line":30,"column":38}},"9":{"start":{"line":31,"column":8},"end":{"line":31,"column":30}},"10":{"start":{"line":32,"column":8},"end":{"line":32,"column":20}}},"fnMap":{"0":{"name":"(anonymous_0)","decl":{"start":{"line":7,"column":11},"end":{"line":7,"column":12}},"loc":{"start":{"line":7,"column":19},"end":{"line":13,"column":3}},"line":7},"1":{"name":"(anonymous_1)","decl":{"start":{"line":20,"column":9},"end":{"line":20,"column":10}},"loc":{"start":{"line":20,"column":17},"end":{"line":26,"column":3}},"line":20},"2":{"name":"(anonymous_2)","decl":{"start":{"line":23,"column":33},"end":{"line":23,"column":34}},"loc":{"start":{"line":23,"column":38},"end":{"line":23,"column":49}},"line":23},"3":{"name":"(anonymous_3)","decl":{"start":{"line":27,"column":11},"end":{"line":27,"column":12}},"loc":{"start":{"line":27,"column":19},"end":{"line":35,"column":3}},"line":27}},"branchMap":{},"s":{"0":1,"1":2,"2":1,"3":1,"4":1,"5":1,"6":2,"7":1,"8":2,"9":2,"10":2},"f":{"0":2,"1":1,"2":2,"3":1},"b":{},"_coverageSchema":"332fd63041d2c1bcb487cc26dd0d5f7d97098a6c","hash":"11a180036a31eee950bb779bec0e4f8ce1973098"}
,"/home/ghjkl/work/perso/pepperoni-app-kit/src/utils/api.js": {"path":"/home/ghjkl/work/perso/pepperoni-app-kit/src/utils/api.js","statementMap":{"0":{"start":{"line":6,"column":21},"end":{"line":6,"column":45}},"1":{"start":{"line":8,"column":16},"end":{"line":8,"column":20}},"2":{"start":{"line":13,"column":22},"end":{"line":13,"column":40}},"3":{"start":{"line":22,"column":2},"end":{"line":22,"column":60}},"4":{"start":{"line":33,"column":2},"end":{"line":33,"column":61}},"5":{"start":{"line":44,"column":2},"end":{"line":44,"column":60}},"6":{"start":{"line":54,"column":2},"end":{"line":54,"column":63}},"7":{"start":{"line":65,"column":2},"end":{"line":77,"column":3}},"8":{"start":{"line":66,"column":21},"end":{"line":66,"column":74}},"9":{"start":{"line":67,"column":4},"end":{"line":70,"column":6}},"10":{"start":{"line":73,"column":4},"end":{"line":75,"column":5}},"11":{"start":{"line":74,"column":6},"end":{"line":74,"column":41}},"12":{"start":{"line":76,"column":4},"end":{"line":76,"column":16}},"13":{"start":{"line":84,"column":18},"end":{"line":84,"column":46}},"14":{"start":{"line":85,"column":2},"end":{"line":87,"column":27}},"15":{"start":{"line":95,"column":2},"end":{"line":106,"column":3}},"16":{"start":{"line":96,"column":21},"end":{"line":96,"column":30}},"17":{"start":{"line":97,"column":18},"end":{"line":97,"column":48}},"18":{"start":{"line":98,"column":20},"end":{"line":98,"column":50}},"19":{"start":{"line":99,"column":20},"end":{"line":101,"column":25}},"20":{"start":{"line":103,"column":4},"end":{"line":103,"column":54}},"21":{"start":{"line":105,"column":4},"end":{"line":105,"column":23}},"22":{"start":{"line":113,"column":2},"end":{"line":138,"column":3}},"23":{"start":{"line":114,"column":19},"end":{"line":114,"column":34}},"24":{"start":{"line":118,"column":4},"end":{"line":127,"column":5}},"25":{"start":{"line":119,"column":22},"end":{"line":119,"column":59}},"26":{"start":{"line":120,"column":20},"end":{"line":120,"column":50}},"27":{"start":{"line":123,"column":6},"end":{"line":123,"column":69}},"28":{"start":{"line":124,"column":6},"end":{"line":124,"column":63}},"29":{"start":{"line":126,"column":6},"end":{"line":126,"column":18}},"30":{"start":{"line":130,"column":25},"end":{"line":130,"column":46}},"31":{"start":{"line":131,"column":4},"end":{"line":135,"column":6}},"32":{"start":{"line":137,"column":4},"end":{"line":137,"column":12}},"33":{"start":{"line":142,"column":18},"end":{"line":144,"column":36}},"34":{"start":{"line":146,"column":2},"end":{"line":148,"column":3}},"35":{"start":{"line":147,"column":4},"end":{"line":147,"column":46}},"36":{"start":{"line":150,"column":2},"end":{"line":150,"column":17}},"37":{"start":{"line":156,"column":2},"end":{"line":174,"column":3}},"38":{"start":{"line":157,"column":17},"end":{"line":157,"column":38}},"39":{"start":{"line":158,"column":4},"end":{"line":160,"column":5}},"40":{"start":{"line":159,"column":6},"end":{"line":159,"column":16}},"41":{"start":{"line":163,"column":20},"end":{"line":163,"column":36}},"42":{"start":{"line":164,"column":4},"end":{"line":166,"column":5}},"43":{"start":{"line":165,"column":6},"end":{"line":165,"column":29}},"44":{"start":{"line":169,"column":4},"end":{"line":169,"column":16}},"45":{"start":{"line":173,"column":4},"end":{"line":173,"column":30}},"46":{"start":{"line":181,"column":2},"end":{"line":189,"column":5}},"47":{"start":{"line":182,"column":18},"end":{"line":182,"column":68}},"48":{"start":{"line":182,"column":35},"end":{"line":182,"column":63}},"49":{"start":{"line":183,"column":4},"end":{"line":188,"column":21}},"50":{"start":{"line":185,"column":8},"end":{"line":185,"column":28}},"51":{"start":{"line":186,"column":8},"end":{"line":186,"column":26}},"52":{"start":{"line":193,"column":2},"end":{"line":198,"column":3}},"53":{"start":{"line":194,"column":21},"end":{"line":194,"column":41}},"54":{"start":{"line":195,"column":4},"end":{"line":195,"column":25}},"55":{"start":{"line":197,"column":4},"end":{"line":197,"column":12}},"56":{"start":{"line":205,"column":2},"end":{"line":211,"column":3}},"57":{"start":{"line":206,"column":20},"end":{"line":206,"column":79}},"58":{"start":{"line":207,"column":4},"end":{"line":207,"column":95}},"59":{"start":{"line":210,"column":4},"end":{"line":210,"column":108}}},"fnMap":{"0":{"name":"get","decl":{"start":{"line":21,"column":22},"end":{"line":21,"column":25}},"loc":{"start":{"line":21,"column":48},"end":{"line":23,"column":1}},"line":21},"1":{"name":"post","decl":{"start":{"line":32,"column":22},"end":{"line":32,"column":26}},"loc":{"start":{"line":32,"column":55},"end":{"line":34,"column":1}},"line":32},"2":{"name":"put","decl":{"start":{"line":43,"column":22},"end":{"line":43,"column":25}},"loc":{"start":{"line":43,"column":54},"end":{"line":45,"column":1}},"line":43},"3":{"name":"del","decl":{"start":{"line":53,"column":22},"end":{"line":53,"column":25}},"loc":{"start":{"line":53,"column":48},"end":{"line":55,"column":1}},"line":53},"4":{"name":"request","decl":{"start":{"line":64,"column":22},"end":{"line":64,"column":29}},"loc":{"start":{"line":64,"column":66},"end":{"line":78,"column":1}},"line":64},"5":{"name":"url","decl":{"start":{"line":83,"column":16},"end":{"line":83,"column":19}},"loc":{"start":{"line":83,"column":26},"end":{"line":88,"column":1}},"line":83},"6":{"name":"sendRequest","decl":{"start":{"line":93,"column":15},"end":{"line":93,"column":26}},"loc":{"start":{"line":93,"column":47},"end":{"line":107,"column":1}},"line":93},"7":{"name":"handleResponse","decl":{"start":{"line":112,"column":15},"end":{"line":112,"column":29}},"loc":{"start":{"line":112,"column":46},"end":{"line":139,"column":1}},"line":112},"8":{"name":"getRequestHeaders","decl":{"start":{"line":141,"column":9},"end":{"line":141,"column":26}},"loc":{"start":{"line":141,"column":40},"end":{"line":151,"column":1}},"line":141},"9":{"name":"getErrorMessageSafely","decl":{"start":{"line":155,"column":15},"end":{"line":155,"column":36}},"loc":{"start":{"line":155,"column":47},"end":{"line":175,"column":1}},"line":155},"10":{"name":"timeout","decl":{"start":{"line":180,"column":9},"end":{"line":180,"column":16}},"loc":{"start":{"line":180,"column":30},"end":{"line":190,"column":1}},"line":180},"11":{"name":"(anonymous_11)","decl":{"start":{"line":181,"column":21},"end":{"line":181,"column":22}},"loc":{"start":{"line":181,"column":42},"end":{"line":189,"column":3}},"line":181},"12":{"name":"(anonymous_12)","decl":{"start":{"line":182,"column":29},"end":{"line":182,"column":30}},"loc":{"start":{"line":182,"column":35},"end":{"line":182,"column":63}},"line":182},"13":{"name":"(anonymous_13)","decl":{"start":{"line":184,"column":12},"end":{"line":184,"column":13}},"loc":{"start":{"line":184,"column":24},"end":{"line":187,"column":7}},"line":184},"14":{"name":"bodyOf","decl":{"start":{"line":192,"column":15},"end":{"line":192,"column":21}},"loc":{"start":{"line":192,"column":38},"end":{"line":199,"column":1}},"line":192},"15":{"name":"logError","decl":{"start":{"line":204,"column":9},"end":{"line":204,"column":17}},"loc":{"start":{"line":204,"column":43},"end":{"line":212,"column":1}},"line":204}},"branchMap":{"0":{"loc":{"start":{"line":73,"column":4},"end":{"line":75,"column":5}},"type":"if","locations":[{"start":{"line":73,"column":4},"end":{"line":75,"column":5}},{"start":{"line":73,"column":4},"end":{"line":75,"column":5}}],"line":73},"1":{"loc":{"start":{"line":85,"column":9},"end":{"line":87,"column":26}},"type":"cond-expr","locations":[{"start":{"line":86,"column":6},"end":{"line":86,"column":20}},{"start":{"line":87,"column":6},"end":{"line":87,"column":26}}],"line":85},"2":{"loc":{"start":{"line":99,"column":20},"end":{"line":101,"column":25}},"type":"cond-expr","locations":[{"start":{"line":100,"column":8},"end":{"line":100,"column":53}},{"start":{"line":101,"column":8},"end":{"line":101,"column":25}}],"line":99},"3":{"loc":{"start":{"line":118,"column":4},"end":{"line":127,"column":5}},"type":"if","locations":[{"start":{"line":118,"column":4},"end":{"line":127,"column":5}},{"start":{"line":118,"column":4},"end":{"line":127,"column":5}}],"line":118},"4":{"loc":{"start":{"line":134,"column":12},"end":{"line":134,"column":58}},"type":"cond-expr","locations":[{"start":{"line":134,"column":27},"end":{"line":134,"column":51}},{"start":{"line":134,"column":54},"end":{"line":134,"column":58}}],"line":134},"5":{"loc":{"start":{"line":142,"column":18},"end":{"line":144,"column":36}},"type":"cond-expr","locations":[{"start":{"line":143,"column":6},"end":{"line":143,"column":72}},{"start":{"line":144,"column":6},"end":{"line":144,"column":36}}],"line":142},"6":{"loc":{"start":{"line":146,"column":2},"end":{"line":148,"column":3}},"type":"if","locations":[{"start":{"line":146,"column":2},"end":{"line":148,"column":3}},{"start":{"line":146,"column":2},"end":{"line":148,"column":3}}],"line":146},"7":{"loc":{"start":{"line":158,"column":4},"end":{"line":160,"column":5}},"type":"if","locations":[{"start":{"line":158,"column":4},"end":{"line":160,"column":5}},{"start":{"line":158,"column":4},"end":{"line":160,"column":5}}],"line":158},"8":{"loc":{"start":{"line":164,"column":4},"end":{"line":166,"column":5}},"type":"if","locations":[{"start":{"line":164,"column":4},"end":{"line":166,"column":5}},{"start":{"line":164,"column":4},"end":{"line":166,"column":5}}],"line":164},"9":{"loc":{"start":{"line":164,"column":8},"end":{"line":164,"column":34}},"type":"binary-expr","locations":[{"start":{"line":164,"column":8},"end":{"line":164,"column":15}},{"start":{"line":164,"column":19},"end":{"line":164,"column":34}}],"line":164},"10":{"loc":{"start":{"line":205,"column":2},"end":{"line":211,"column":3}},"type":"if","locations":[{"start":{"line":205,"column":2},"end":{"line":211,"column":3}},{"start":{"line":205,"column":2},"end":{"line":211,"column":3}}],"line":205}},"s":{"0":1,"1":1,"2":1,"3":7,"4":5,"5":5,"6":4,"7":21,"8":21,"9":21,"10":0,"11":0,"12":0,"13":23,"14":23,"15":21,"16":21,"17":21,"18":21,"19":21,"20":21,"21":0,"22":21,"23":21,"24":21,"25":11,"26":11,"27":11,"28":11,"29":11,"30":10,"31":10,"32":11,"33":21,"34":21,"35":21,"36":0,"37":11,"38":11,"39":11,"40":7,"41":4,"42":4,"43":4,"44":0,"45":0,"46":21,"47":21,"48":0,"49":21,"50":21,"51":21,"52":21,"53":21,"54":10,"55":11,"56":0,"57":0,"58":0,"59":0},"f":{"0":7,"1":5,"2":5,"3":4,"4":21,"5":23,"6":21,"7":21,"8":21,"9":11,"10":21,"11":21,"12":0,"13":21,"14":21,"15":0},"b":{"0":[0,0],"1":[22,1],"2":[10,11],"3":[11,10],"4":[10,0],"5":[10,11],"6":[21,0],"7":[7,4],"8":[4,0],"9":[4,4],"10":[0,0]},"_coverageSchema":"332fd63041d2c1bcb487cc26dd0d5f7d97098a6c","hash":"ca053dad31cdf52a88606e2ead09f707569a4bca"}
,"/home/ghjkl/work/perso/pepperoni-app-kit/src/utils/authentication.js": {"path":"/home/ghjkl/work/perso/pepperoni-app-kit/src/utils/authentication.js","statementMap":{"0":{"start":{"line":3,"column":35},"end":{"line":3,"column":66}},"1":{"start":{"line":6,"column":2},"end":{"line":6,"column":58}},"2":{"start":{"line":10,"column":2},"end":{"line":10,"column":65}},"3":{"start":{"line":14,"column":2},"end":{"line":14,"column":61}}},"fnMap":{"0":{"name":"getAuthenticationToken","decl":{"start":{"line":5,"column":16},"end":{"line":5,"column":38}},"loc":{"start":{"line":5,"column":41},"end":{"line":7,"column":1}},"line":5},"1":{"name":"setAuthenticationToken","decl":{"start":{"line":9,"column":22},"end":{"line":9,"column":44}},"loc":{"start":{"line":9,"column":52},"end":{"line":11,"column":1}},"line":9},"2":{"name":"clearAuthenticationToken","decl":{"start":{"line":13,"column":22},"end":{"line":13,"column":46}},"loc":{"start":{"line":13,"column":49},"end":{"line":15,"column":1}},"line":13}},"branchMap":{},"s":{"0":1,"1":21,"2":0,"3":0},"f":{"0":21,"1":0,"2":0},"b":{},"_coverageSchema":"332fd63041d2c1bcb487cc26dd0d5f7d97098a6c","hash":"e02e1ca1d74e2bb812ac43bc61d93ce00d6ac80c"}
,"/home/ghjkl/work/perso/pepperoni-app-kit/src/utils/configuration.js": {"path":"/home/ghjkl/work/perso/pepperoni-app-kit/src/utils/configuration.js","statementMap":{"0":{"start":{"line":3,"column":20},"end":{"line":3,"column":25}},"1":{"start":{"line":6,"column":2},"end":{"line":6,"column":49}},"2":{"start":{"line":10,"column":2},"end":{"line":10,"column":50}},"3":{"start":{"line":14,"column":2},"end":{"line":14,"column":45}},"4":{"start":{"line":18,"column":2},"end":{"line":20,"column":3}},"5":{"start":{"line":19,"column":4},"end":{"line":19,"column":59}},"6":{"start":{"line":22,"column":2},"end":{"line":22,"column":32}}},"fnMap":{"0":{"name":"setConfiguration","decl":{"start":{"line":5,"column":16},"end":{"line":5,"column":32}},"loc":{"start":{"line":5,"column":46},"end":{"line":7,"column":1}},"line":5},"1":{"name":"setAll","decl":{"start":{"line":9,"column":16},"end":{"line":9,"column":22}},"loc":{"start":{"line":9,"column":35},"end":{"line":11,"column":1}},"line":9},"2":{"name":"unsetConfiguration","decl":{"start":{"line":13,"column":16},"end":{"line":13,"column":34}},"loc":{"start":{"line":13,"column":41},"end":{"line":15,"column":1}},"line":13},"3":{"name":"getConfiguration","decl":{"start":{"line":17,"column":16},"end":{"line":17,"column":32}},"loc":{"start":{"line":17,"column":38},"end":{"line":23,"column":1}},"line":17}},"branchMap":{"0":{"loc":{"start":{"line":18,"column":2},"end":{"line":20,"column":3}},"type":"if","locations":[{"start":{"line":18,"column":2},"end":{"line":20,"column":3}},{"start":{"line":18,"column":2},"end":{"line":20,"column":3}}],"line":18}},"s":{"0":1,"1":23,"2":0,"3":23,"4":23,"5":0,"6":23},"f":{"0":23,"1":0,"2":23,"3":23},"b":{"0":[0,23]},"_coverageSchema":"332fd63041d2c1bcb487cc26dd0d5f7d97098a6c","hash":"e0ed454fc2c38039254b20287e243db17f2cd434"}
,"/home/ghjkl/work/perso/pepperoni-app-kit/test/setup.js": {"path":"/home/ghjkl/work/perso/pepperoni-app-kit/test/setup.js","statementMap":{"0":{"start":{"line":2,"column":0},"end":{"line":8,"column":4}},"1":{"start":{"line":2,"column":28},"end":{"line":8,"column":1}}},"fnMap":{"0":{"name":"(anonymous_0)","decl":{"start":{"line":2,"column":21},"end":{"line":2,"column":22}},"loc":{"start":{"line":2,"column":28},"end":{"line":8,"column":1}},"line":2}},"branchMap":{},"s":{"0":3,"1":0},"f":{"0":0},"b":{},"_coverageSchema":"332fd63041d2c1bcb487cc26dd0d5f7d97098a6c","hash":"6934f014a43eb2155852687f6c6e1c24a9930010"}
}
