TN:
SF:/home/ghjkl/work/perso/pepperoni-app-kit/src/stores/Auth.js
FN:5,(anonymous_0)
FN:7,(anonymous_1)
FNF:2
FNH:2
FNDA:1,(anonymous_0)
FNDA:1,(anonymous_1)
DA:3,1
DA:6,1
DA:8,1
LF:3
LH:3
BRF:0
BRH:0
end_of_record
TN:
SF:/home/ghjkl/work/perso/pepperoni-app-kit/src/stores/todos.js
FN:7,(anonymous_0)
FN:20,(anonymous_1)
FN:23,(anonymous_2)
FN:27,(anonymous_3)
FNF:4
FNH:4
FNDA:2,(anonymous_0)
FNDA:1,(anonymous_1)
FNDA:2,(anonymous_2)
FNDA:1,(anonymous_3)
DA:3,1
DA:8,2
DA:10,1
DA:15,1
DA:21,1
DA:23,2
DA:28,1
DA:30,2
DA:31,2
DA:32,2
LF:10
LH:10
BRF:0
BRH:0
end_of_record
TN:
SF:/home/ghjkl/work/perso/pepperoni-app-kit/src/utils/api.js
FN:21,get
FN:32,post
FN:43,put
FN:53,del
FN:64,request
FN:83,url
FN:93,sendRequest
FN:112,handleResponse
FN:141,getRequestHeaders
FN:155,getErrorMessageSafely
FN:180,timeout
FN:181,(anonymous_11)
FN:182,(anonymous_12)
FN:184,(anonymous_13)
FN:192,bodyOf
FN:204,logError
FNF:16
FNH:14
FNDA:7,get
FNDA:5,post
FNDA:5,put
FNDA:4,del
FNDA:21,request
FNDA:23,url
FNDA:21,sendRequest
FNDA:21,handleResponse
FNDA:21,getRequestHeaders
FNDA:11,getErrorMessageSafely
FNDA:21,timeout
FNDA:21,(anonymous_11)
FNDA:0,(anonymous_12)
FNDA:21,(anonymous_13)
FNDA:21,bodyOf
FNDA:0,logError
DA:6,1
DA:8,1
DA:13,1
DA:22,7
DA:33,5
DA:44,5
DA:54,4
DA:65,21
DA:66,21
DA:67,21
DA:73,0
DA:74,0
DA:76,0
DA:84,23
DA:85,23
DA:95,21
DA:96,21
DA:97,21
DA:98,21
DA:99,21
DA:103,21
DA:105,0
DA:113,21
DA:114,21
DA:118,21
DA:119,11
DA:120,11
DA:123,11
DA:124,11
DA:126,11
DA:130,10
DA:131,10
DA:137,11
DA:142,21
DA:146,21
DA:147,21
DA:150,0
DA:156,11
DA:157,11
DA:158,11
DA:159,7
DA:163,4
DA:164,4
DA:165,4
DA:169,0
DA:173,0
DA:181,21
DA:182,21
DA:183,21
DA:185,21
DA:186,21
DA:193,21
DA:194,21
DA:195,10
DA:197,11
DA:205,0
DA:206,0
DA:207,0
DA:210,0
LF:59
LH:48
BRDA:73,0,0,0
BRDA:73,0,1,0
BRDA:85,1,0,22
BRDA:85,1,1,1
BRDA:99,2,0,10
BRDA:99,2,1,11
BRDA:118,3,0,11
BRDA:118,3,1,10
BRDA:134,4,0,10
BRDA:134,4,1,0
BRDA:142,5,0,10
BRDA:142,5,1,11
BRDA:146,6,0,21
BRDA:146,6,1,0
BRDA:158,7,0,7
BRDA:158,7,1,4
BRDA:164,8,0,4
BRDA:164,8,1,0
BRDA:164,9,0,4
BRDA:164,9,1,4
BRDA:205,10,0,0
BRDA:205,10,1,0
BRF:22
BRH:15
end_of_record
TN:
SF:/home/ghjkl/work/perso/pepperoni-app-kit/src/utils/authentication.js
FN:5,getAuthenticationToken
FN:9,setAuthenticationToken
FN:13,clearAuthenticationToken
FNF:3
FNH:1
FNDA:21,getAuthenticationToken
FNDA:0,setAuthenticationToken
FNDA:0,clearAuthenticationToken
DA:3,1
DA:6,21
DA:10,0
DA:14,0
LF:4
LH:2
BRF:0
BRH:0
end_of_record
TN:
SF:/home/ghjkl/work/perso/pepperoni-app-kit/src/utils/configuration.js
FN:5,setConfiguration
FN:9,setAll
FN:13,unsetConfiguration
FN:17,getConfiguration
FNF:4
FNH:3
FNDA:23,setConfiguration
FNDA:0,setAll
FNDA:23,unsetConfiguration
FNDA:23,getConfiguration
DA:3,1
DA:6,23
DA:10,0
DA:14,23
DA:18,23
DA:19,0
DA:22,23
LF:7
LH:5
BRDA:18,0,0,0
BRDA:18,0,1,23
BRF:2
BRH:1
end_of_record
TN:
SF:/home/ghjkl/work/perso/pepperoni-app-kit/test/setup.js
FN:2,(anonymous_0)
FNF:1
FNH:0
FNDA:0,(anonymous_0)
DA:2,3
LF:1
LH:1
BRF:0
BRH:0
end_of_record
